<?xml version="1.0" encoding="UTF-8"?>
<!-- Generated by org.testng.reporters.JUnitXMLReporter -->
<testsuite ignored="0" hostname="DESKTOP-EA573AN" failures="1" tests="1" name="Test" time="45.384" errors="0" timestamp="2023-03-13T10:01:16 IST">
  <testcase classname="com.test.Register_Test" name="Register_User" time="13.029">
    <failure type="java.lang.NullPointerException" message="Cannot invoke &amp;quot;com.aventstack.extentreports.ExtentTest.log(com.aventstack.extentreports.Status, String)&amp;quot; because &amp;quot;com.Utility.Library.test&amp;quot; is null">
      <![CDATA[java.lang.NullPointerException: Cannot invoke "com.aventstack.extentreports.ExtentTest.log(com.aventstack.extentreports.Status, String)" because "com.Utility.Library.test" is null
at com.Utility.Library.custom_Sendkes(Library.java:34)
at com.test.Register_Test.Register_User(Register_Test.java:16)
at java.base/java.util.ArrayList.forEach(ArrayList.java:1511)
... Removed 27 stack frames]]>
    </failure>
  </testcase> <!-- Register_User -->
</testsuite> <!-- Test -->
