<?xml version="1.0" encoding="UTF-8"?>
<!-- Generated by org.testng.reporters.JUnitXMLReporter -->
<testsuite ignored="0" hostname="DESKTOP-EA573AN" failures="0" tests="1" name="Test_Edge" time="0.023" errors="0" timestamp="2023-03-09T10:32:49 IST">
  <testcase classname="com.Utility.BaseClass" name="@BeforeSuite initilisation" time="0.011">
    <failure type="java.io.FileNotFoundException" message="C:Testing WorkSpace2Automation_FrameworkTestDataData.xlsx (The system cannot find the file specified)">
      <![CDATA[java.io.FileNotFoundException: C:Testing WorkSpace2Automation_FrameworkTestDataData.xlsx (The system cannot find the file specified)
at java.base/java.io.FileInputStream.open0(Native Method)
at java.base/java.io.FileInputStream.open(FileInputStream.java:216)
at java.base/java.io.FileInputStream.<init>(FileInputStream.java:157)
at java.base/java.io.FileInputStream.<init>(FileInputStream.java:111)
at com.Utility.ExcelDataProvider.<init>(ExcelDataProvider.java:15)
at com.Utility.BaseClass.initilisation(BaseClass.java:23)
... Removed 19 stack frames]]>
    </failure>
  </testcase> <!-- @BeforeSuite initilisation -->
  <testcase classname="com.Utility.BaseClass" name="@BeforeMethod setUp" time="-1.67833816931E9">
    <skipped/>
  </testcase> <!-- @BeforeMethod setUp -->
  <testcase classname="com.Utility.BaseClass" name="@AfterMethod tearDown" time="-1.678338169326E9">
    <skipped/>
  </testcase> <!-- @AfterMethod tearDown -->
  <testcase classname="com.test.Login_Test1" name="verify_LoginPage" time="0.0">
    <skipped/>
  </testcase> <!-- verify_LoginPage -->
</testsuite> <!-- Test_Edge -->
