<?xml version="1.0" encoding="UTF-8"?>
<testng-results ignored="0" total="1" passed="1" failed="0" skipped="0">
  <reporter-output>
  </reporter-output>
  <suite started-at="2023-03-10T14:12:12 IST" name="Suite" finished-at="2023-03-10T14:12:34 IST" duration-ms="21954">
    <groups>
    </groups>
    <test started-at="2023-03-10T14:12:12 IST" name="Test" finished-at="2023-03-10T14:12:34 IST" duration-ms="21954">
      <class name="com.test.Register_Test">
        <test-method is-config="true" signature="initialization()[pri:0, instance:com.test.Register_Test@1ca3b418]" started-at="2023-03-10T14:12:12 IST" name="initialization" finished-at="2023-03-10T14:12:12 IST" duration-ms="14" status="PASS">
          <reporter-output>
          </reporter-output>
        </test-method> <!-- initialization -->
        <test-method is-config="true" signature="setUp(java.lang.String)[pri:0, instance:com.test.Register_Test@1ca3b418]" started-at="2023-03-10T14:12:12 IST" name="setUp" finished-at="2023-03-10T14:12:23 IST" duration-ms="11121" status="PASS">
          <params>
            <param index="0">
              <value>
                <![CDATA[Chrome]]>
              </value>
            </param>
          </params>
          <reporter-output>
          </reporter-output>
        </test-method> <!-- setUp -->
        <test-method signature="Register_User()[pri:0, instance:com.test.Register_Test@1ca3b418]" started-at="2023-03-10T14:12:23 IST" name="Register_User" finished-at="2023-03-10T14:12:33 IST" duration-ms="10241" status="PASS">
          <reporter-output>
          </reporter-output>
        </test-method> <!-- Register_User -->
        <test-method is-config="true" signature="tearDown()[pri:0, instance:com.test.Register_Test@1ca3b418]" started-at="2023-03-10T14:12:33 IST" name="tearDown" finished-at="2023-03-10T14:12:34 IST" duration-ms="524" status="PASS">
          <reporter-output>
          </reporter-output>
        </test-method> <!-- tearDown -->
      </class> <!-- com.test.Register_Test -->
    </test> <!-- Test -->
  </suite> <!-- Suite -->
</testng-results>
